<?xml version="1.0" encoding="UTF-8"?>
<!-- Generated by org.testng.reporters.JUnitReportReporter -->
<testsuite skipped="0" hostname="LAPTOP-0N92GOA0" name="com.mbep.qa.testdata.LoginPageTest" tests="1" failures="0" timestamp="2020-07-09T19:48:08 IST" time="37.268" errors="0">
  <testcase name="loginTittleTest" time="37.268" classname="com.mbep.qa.testdata.LoginPageTest"/>
</testsuite> <!-- com.mbep.qa.testdata.LoginPageTest -->
